<?xml version="1.0" encoding="UTF-8"?>
<!-- Generated by org.testng.reporters.JUnitXMLReporter -->
<testsuite hostname="LTB0206984-Mac.local" name="AllAPIMethods" tests="5" failures="1" timestamp="15 Dec 2019 12:18:51 GMT" time="5.623" errors="0">
  <testcase name="postAPITest" time="0.004" classname="com.abhi.test.PostAPITest">
    <failure type="java.lang.NullPointerException">
      <![CDATA[java.lang.NullPointerException
	at com.abhi.test.PostAPITest.postAPITest(PostAPITest.java:46)
	at java.util.concurrent.ThreadPoolExecutor.runWorker(ThreadPoolExecutor.java:1149)
	at java.util.concurrent.ThreadPoolExecutor$Worker.run(ThreadPoolExecutor.java:624)
	at java.lang.Thread.run(Thread.java:748)
... Removed 10 stack frames]]>
    </failure>
  </testcase> <!-- postAPITest -->
  <testcase name="putAPITest" time="2.592" classname="com.abhi.test.PutAPITest"/>
  <testcase name="removeUser" time="1.076" classname="com.abhi.test.DeleteAPITest"/>
  <testcase name="getAPITestWithoutHeaders" time="1.07" classname="com.abhi.test.GetAPITest"/>
  <testcase name="getAPITestWithHeaders" time="0.852" classname="com.abhi.test.GetAPITest"/>
</testsuite> <!-- AllAPIMethods -->
