<?xml version="1.0" encoding="UTF-8"?>
<testng-results skipped="0" failed="1" total="5" passed="4">
  <reporter-output>
  </reporter-output>
  <suite name="RestAPI" duration-ms="5623" started-at="2019-12-15T12:18:40Z" finished-at="2019-12-15T12:18:46Z">
    <groups>
    </groups>
    <test name="AllAPIMethods" duration-ms="5623" started-at="2019-12-15T12:18:40Z" finished-at="2019-12-15T12:18:46Z">
      <class name="com.abhi.test.PostAPITest">
        <test-method status="FAIL" signature="postAPITest()[pri:0, instance:com.abhi.test.PostAPITest@2d6e8792]" name="postAPITest" duration-ms="4" started-at="2019-12-15T17:48:40Z" finished-at="2019-12-15T17:48:40Z">
          <exception class="java.lang.NullPointerException">
            <full-stacktrace>
              <![CDATA[java.lang.NullPointerException
	at com.abhi.test.PostAPITest.postAPITest(PostAPITest.java:46)
	at sun.reflect.NativeMethodAccessorImpl.invoke0(Native Method)
	at sun.reflect.NativeMethodAccessorImpl.invoke(NativeMethodAccessorImpl.java:62)
	at sun.reflect.DelegatingMethodAccessorImpl.invoke(DelegatingMethodAccessorImpl.java:43)
	at java.lang.reflect.Method.invoke(Method.java:498)
	at org.testng.internal.MethodInvocationHelper.invokeMethod(MethodInvocationHelper.java:80)
	at org.testng.internal.Invoker.invokeMethod(Invoker.java:714)
	at org.testng.internal.Invoker.invokeTestMethod(Invoker.java:901)
	at org.testng.internal.Invoker.invokeTestMethods(Invoker.java:1231)
	at org.testng.internal.TestMethodWorker.invokeTestMethods(TestMethodWorker.java:127)
	at org.testng.internal.TestMethodWorker.run(TestMethodWorker.java:111)
	at java.util.concurrent.ThreadPoolExecutor.runWorker(ThreadPoolExecutor.java:1149)
	at java.util.concurrent.ThreadPoolExecutor$Worker.run(ThreadPoolExecutor.java:624)
	at java.lang.Thread.run(Thread.java:748)
]]>
            </full-stacktrace>
          </exception> <!-- java.lang.NullPointerException -->
          <reporter-output>
          </reporter-output>
        </test-method> <!-- postAPITest -->
        <test-method status="PASS" signature="setUp()[pri:0, instance:com.abhi.test.PostAPITest@2d6e8792]" name="setUp" is-config="true" duration-ms="0" started-at="2019-12-15T17:48:40Z" finished-at="2019-12-15T17:48:40Z">
          <reporter-output>
          </reporter-output>
        </test-method> <!-- setUp -->
      </class> <!-- com.abhi.test.PostAPITest -->
      <class name="com.abhi.test.GetAPITest">
        <test-method status="PASS" signature="setup()[pri:0, instance:com.abhi.test.GetAPITest@2812cbfa]" name="setup" is-config="true" duration-ms="5373" started-at="2019-12-15T17:48:35Z" finished-at="2019-12-15T17:48:40Z">
          <reporter-output>
          </reporter-output>
        </test-method> <!-- setup -->
        <test-method status="PASS" signature="setUp()[pri:0, instance:com.abhi.test.GetAPITest@2812cbfa]" name="setUp" is-config="true" duration-ms="1" started-at="2019-12-15T17:48:44Z" finished-at="2019-12-15T17:48:44Z">
          <reporter-output>
          </reporter-output>
        </test-method> <!-- setUp -->
        <test-method status="PASS" signature="getAPITestWithoutHeaders()[pri:0, instance:com.abhi.test.GetAPITest@2812cbfa]" name="getAPITestWithoutHeaders" duration-ms="1070" started-at="2019-12-15T17:48:44Z" finished-at="2019-12-15T17:48:45Z">
          <reporter-output>
          </reporter-output>
        </test-method> <!-- getAPITestWithoutHeaders -->
        <test-method status="PASS" signature="setUp()[pri:0, instance:com.abhi.test.GetAPITest@2812cbfa]" name="setUp" is-config="true" duration-ms="0" started-at="2019-12-15T17:48:45Z" finished-at="2019-12-15T17:48:45Z">
          <reporter-output>
          </reporter-output>
        </test-method> <!-- setUp -->
        <test-method status="PASS" signature="getAPITestWithHeaders()[pri:0, instance:com.abhi.test.GetAPITest@2812cbfa]" name="getAPITestWithHeaders" duration-ms="852" started-at="2019-12-15T17:48:45Z" finished-at="2019-12-15T17:48:46Z">
          <reporter-output>
          </reporter-output>
        </test-method> <!-- getAPITestWithHeaders -->
        <test-method status="PASS" signature="clear()[pri:0, instance:com.abhi.test.GetAPITest@2812cbfa]" name="clear" is-config="true" duration-ms="543" started-at="2019-12-15T17:48:51Z" finished-at="2019-12-15T17:48:51Z">
          <reporter-output>
          </reporter-output>
        </test-method> <!-- clear -->
      </class> <!-- com.abhi.test.GetAPITest -->
      <class name="com.abhi.test.PutAPITest">
        <test-method status="PASS" signature="putAPITest()[pri:0, instance:com.abhi.test.PutAPITest@7f63425a]" name="putAPITest" duration-ms="2592" started-at="2019-12-15T17:48:40Z" finished-at="2019-12-15T17:48:43Z">
          <reporter-output>
          </reporter-output>
        </test-method> <!-- putAPITest -->
        <test-method status="PASS" signature="setUp()[pri:0, instance:com.abhi.test.PutAPITest@7f63425a]" name="setUp" is-config="true" duration-ms="0" started-at="2019-12-15T17:48:40Z" finished-at="2019-12-15T17:48:40Z">
          <reporter-output>
          </reporter-output>
        </test-method> <!-- setUp -->
      </class> <!-- com.abhi.test.PutAPITest -->
      <class name="com.abhi.test.DeleteAPITest">
        <test-method status="PASS" signature="setup()[pri:0, instance:com.abhi.test.DeleteAPITest@17f6480]" name="setup" is-config="true" duration-ms="1" started-at="2019-12-15T17:48:43Z" finished-at="2019-12-15T17:48:43Z">
          <reporter-output>
          </reporter-output>
        </test-method> <!-- setup -->
        <test-method status="PASS" signature="removeUser()[pri:0, instance:com.abhi.test.DeleteAPITest@17f6480]" name="removeUser" duration-ms="1076" started-at="2019-12-15T17:48:43Z" finished-at="2019-12-15T17:48:44Z">
          <reporter-output>
          </reporter-output>
        </test-method> <!-- removeUser -->
      </class> <!-- com.abhi.test.DeleteAPITest -->
    </test> <!-- AllAPIMethods -->
  </suite> <!-- RestAPI -->
</testng-results>
