<?xml version="1.0" encoding="UTF-8"?>
<testng-results skipped="0" failed="0" total="2" passed="2">
  <reporter-output>
  </reporter-output>
  <suite name="RestAPI" duration-ms="2504" started-at="2019-12-15T11:54:21Z" finished-at="2019-12-15T11:54:24Z">
    <groups>
    </groups>
    <test name="AllAPIMethods" duration-ms="2504" started-at="2019-12-15T11:54:21Z" finished-at="2019-12-15T11:54:24Z">
      <class name="com.abhi.test.GetAPITest">
        <test-method status="PASS" signature="setup()[pri:0, instance:com.abhi.test.GetAPITest@6cc4c815]" name="setup" is-config="true" duration-ms="5301" started-at="2019-12-15T17:24:16Z" finished-at="2019-12-15T17:24:21Z">
          <reporter-output>
          </reporter-output>
        </test-method> <!-- setup -->
        <test-method status="PASS" signature="setUp()[pri:0, instance:com.abhi.test.GetAPITest@6cc4c815]" name="setUp" is-config="true" duration-ms="1" started-at="2019-12-15T17:24:21Z" finished-at="2019-12-15T17:24:21Z">
          <reporter-output>
          </reporter-output>
        </test-method> <!-- setUp -->
        <test-method status="PASS" signature="getAPITestWithoutHeaders()[pri:0, instance:com.abhi.test.GetAPITest@6cc4c815]" name="getAPITestWithoutHeaders" duration-ms="1620" started-at="2019-12-15T17:24:21Z" finished-at="2019-12-15T17:24:23Z">
          <reporter-output>
          </reporter-output>
        </test-method> <!-- getAPITestWithoutHeaders -->
        <test-method status="PASS" signature="setUp()[pri:0, instance:com.abhi.test.GetAPITest@6cc4c815]" name="setUp" is-config="true" duration-ms="1" started-at="2019-12-15T17:24:23Z" finished-at="2019-12-15T17:24:23Z">
          <reporter-output>
          </reporter-output>
        </test-method> <!-- setUp -->
        <test-method status="PASS" signature="getAPITestWithHeaders()[pri:0, instance:com.abhi.test.GetAPITest@6cc4c815]" name="getAPITestWithHeaders" duration-ms="855" started-at="2019-12-15T17:24:23Z" finished-at="2019-12-15T17:24:24Z">
          <reporter-output>
          </reporter-output>
        </test-method> <!-- getAPITestWithHeaders -->
        <test-method status="PASS" signature="clear()[pri:0, instance:com.abhi.test.GetAPITest@6cc4c815]" name="clear" is-config="true" duration-ms="3" started-at="2019-12-15T17:24:29Z" finished-at="2019-12-15T17:24:29Z">
          <reporter-output>
          </reporter-output>
        </test-method> <!-- clear -->
      </class> <!-- com.abhi.test.GetAPITest -->
    </test> <!-- AllAPIMethods -->
  </suite> <!-- RestAPI -->
</testng-results>
